# JRE version: Java(TM) SE Runtime Environment (7.0_79-b15) (build 1.7.0_79-b15)
# Java VM: Java HotSpot(TM) 64-Bit Server VM (24.79-b02 mixed mode windows-amd64 compressed oops)
Heap
 PSYoungGen      total 302080K, used 246613K [0x00000000eaa80000, 0x0000000100000000, 0x0000000100000000)
  eden space 275968K, 89% used [0x00000000eaa80000,0x00000000f9b55798,0x00000000fb800000)
  from space 26112K, 0% used [0x00000000fb800000,0x00000000fb800000,0x00000000fd180000)
  to   space 39424K, 0% used [0x00000000fd980000,0x00000000fd980000,0x0000000100000000)
 ParOldGen       total 110592K, used 58528K [0x00000000c0000000, 0x00000000c6c00000, 0x00000000eaa80000)
  object space 110592K, 52% used [0x00000000c0000000,0x00000000c39281c0,0x00000000c6c00000)
 PSPermGen       total 89600K, used 70709K [0x00000000b0000000, 0x00000000b5780000, 0x00000000c0000000)
  object space 89600K, 78% used [0x00000000b0000000,0x00000000b450d718,0x00000000b5780000)
GC Heap History (10 events):
Event: 4828.991 GC heap before
{Heap before GC invocations=26 (full 7):
 PSYoungGen      total 315392K, used 4589K [0x00000000eaa80000, 0x0000000100000000, 0x0000000100000000)
  eden space 281088K, 0% used [0x00000000eaa80000,0x00000000eaa80000,0x00000000fbd00000)
  from space 34304K, 13% used [0x00000000fbd00000,0x00000000fc17b608,0x00000000fde80000)
  to   space 33280K, 0% used [0x00000000fdf80000,0x00000000fdf80000,0x0000000100000000)
 ParOldGen       total 110592K, used 54340K [0x00000000c0000000, 0x00000000c6c00000, 0x00000000eaa80000)
  object space 110592K, 49% used [0x00000000c0000000,0x00000000c3511070,0x00000000c6c00000)
 PSPermGen       total 92160K, used 63125K [0x00000000b0000000, 0x00000000b5a00000, 0x00000000c0000000)
  object space 92160K, 68% used [0x00000000b0000000,0x00000000b3da56e0,0x00000000b5a00000)
Event: 4830.738 GC heap after
Heap after GC invocations=26 (full 7):
 PSYoungGen      total 315392K, used 0K [0x00000000eaa80000, 0x0000000100000000, 0x0000000100000000)
  eden space 281088K, 0% used [0x00000000eaa80000,0x00000000eaa80000,0x00000000fbd00000)
  from space 34304K, 0% used [0x00000000fbd00000,0x00000000fbd00000,0x00000000fde80000)
  to   space 33280K, 0% used [0x00000000fdf80000,0x00000000fdf80000,0x0000000100000000)
 ParOldGen       total 110592K, used 52196K [0x00000000c0000000, 0x00000000c6c00000, 0x00000000eaa80000)
  object space 110592K, 47% used [0x00000000c0000000,0x00000000c32f93c8,0x00000000c6c00000)
 PSPermGen       total 97792K, used 63119K [0x00000000b0000000, 0x00000000b5f80000, 0x00000000c0000000)
  object space 97792K, 64% used [0x00000000b0000000,0x00000000b3da3d18,0x00000000b5f80000)
}
Event: 5298.744 GC heap before
{Heap before GC invocations=27 (full 7):
 PSYoungGen      total 315392K, used 251098K [0x00000000eaa80000, 0x0000000100000000, 0x0000000100000000)
  eden space 281088K, 89% used [0x00000000eaa80000,0x00000000f9fb6bf0,0x00000000fbd00000)
  from space 34304K, 0% used [0x00000000fbd00000,0x00000000fbd00000,0x00000000fde80000)
  to   space 33280K, 0% used [0x00000000fdf80000,0x00000000fdf80000,0x0000000100000000)
 ParOldGen       total 110592K, used 52196K [0x00000000c0000000, 0x00000000c6c00000, 0x00000000eaa80000)
  object space 110592K, 47% used [0x00000000c0000000,0x00000000c32f93c8,0x00000000c6c00000)
 PSPermGen       total 97792K, used 72533K [0x00000000b0000000, 0x00000000b5f80000, 0x00000000c0000000)
  object space 97792K, 74% used [0x00000000b0000000,0x00000000b46d5498,0x00000000b5f80000)
Event: 5298.812 GC heap after
Heap after GC invocations=27 (full 7):
 PSYoungGen      total 309248K, used 26434K [0x00000000eaa80000, 0x0000000100000000, 0x0000000100000000)
  eden space 275968K, 0% used [0x00000000eaa80000,0x00000000eaa80000,0x00000000fb800000)
  from space 33280K, 79% used [0x00000000fdf80000,0x00000000ff950998,0x0000000100000000)
  to   space 36864K, 0% used [0x00000000fb800000,0x00000000fb800000,0x00000000fdc00000)
 ParOldGen       total 110592K, used 52196K [0x00000000c0000000, 0x00000000c6c00000, 0x00000000eaa80000)
  object space 110592K, 47% used [0x00000000c0000000,0x00000000c32f93c8,0x00000000c6c00000)
 PSPermGen       total 97792K, used 72533K [0x00000000b0000000, 0x00000000b5f80000, 0x00000000c0000000)
  object space 97792K, 74% used [0x00000000b0000000,0x00000000b46d5498,0x00000000b5f80000)
}
Event: 5298.812 GC heap before
{Heap before GC invocations=28 (full 8):
 PSYoungGen      total 309248K, used 26434K [0x00000000eaa80000, 0x0000000100000000, 0x0000000100000000)
  eden space 275968K, 0% used [0x00000000eaa80000,0x00000000eaa80000,0x00000000fb800000)
  from space 33280K, 79% used [0x00000000fdf80000,0x00000000ff950998,0x0000000100000000)
  to   space 36864K, 0% used [0x00000000fb800000,0x00000000fb800000,0x00000000fdc00000)
 ParOldGen       total 110592K, used 52196K [0x00000000c0000000, 0x00000000c6c00000, 0x00000000eaa80000)
  object space 110592K, 47% used [0x00000000c0000000,0x00000000c32f93c8,0x00000000c6c00000)
 PSPermGen       total 97792K, used 72533K [0x00000000b0000000, 0x00000000b5f80000, 0x00000000c0000000)
  object space 97792K, 74% used [0x00000000b0000000,0x00000000b46d5498,0x00000000b5f80000)
Event: 5300.737 GC heap after
Heap after GC invocations=28 (full 8):
 PSYoungGen      total 309248K, used 0K [0x00000000eaa80000, 0x0000000100000000, 0x0000000100000000)
  eden space 275968K, 0% used [0x00000000eaa80000,0x00000000eaa80000,0x00000000fb800000)
  from space 33280K, 0% used [0x00000000fdf80000,0x00000000fdf80000,0x0000000100000000)
  to   space 36864K, 0% used [0x00000000fb800000,0x00000000fb800000,0x00000000fdc00000)
 ParOldGen       total 110592K, used 76286K [0x00000000c0000000, 0x00000000c6c00000, 0x00000000eaa80000)
  object space 110592K, 68% used [0x00000000c0000000,0x00000000c4a7fb80,0x00000000c6c00000)
 PSPermGen       total 103424K, used 72527K [0x00000000b0000000, 0x00000000b6500000, 0x00000000c0000000)
  object space 103424K, 70% used [0x00000000b0000000,0x00000000b46d3d10,0x00000000b6500000)
}
Event: 6948.607 GC heap before
{Heap before GC invocations=29 (full 8):
 PSYoungGen      total 309248K, used 226893K [0x00000000eaa80000, 0x0000000100000000, 0x0000000100000000)
  eden space 275968K, 82% used [0x00000000eaa80000,0x00000000f88134c8,0x00000000fb800000)
  from space 33280K, 0% used [0x00000000fdf80000,0x00000000fdf80000,0x0000000100000000)
  to   space 36864K, 0% used [0x00000000fb800000,0x00000000fb800000,0x00000000fdc00000)
 ParOldGen       total 110592K, used 76286K [0x00000000c0000000, 0x00000000c6c00000, 0x00000000eaa80000)
  object space 110592K, 68% used [0x00000000c0000000,0x00000000c4a7fb80,0x00000000c6c00000)
 PSPermGen       total 103424K, used 81230K [0x00000000b0000000, 0x00000000b6500000, 0x00000000c0000000)
  object space 103424K, 78% used [0x00000000b0000000,0x00000000b4f53a90,0x00000000b6500000)
Event: 6948.677 GC heap after
Heap after GC invocations=29 (full 8):
 PSYoungGen      total 302080K, used 26001K [0x00000000eaa80000, 0x0000000100000000, 0x0000000100000000)
  eden space 275968K, 0% used [0x00000000eaa80000,0x00000000eaa80000,0x00000000fb800000)
  from space 26112K, 99% used [0x00000000fb800000,0x00000000fd164628,0x00000000fd180000)
  to   space 39424K, 0% used [0x00000000fd980000,0x00000000fd980000,0x0000000100000000)
 ParOldGen       total 110592K, used 76286K [0x00000000c0000000, 0x00000000c6c00000, 0x00000000eaa80000)
  object space 110592K, 68% used [0x00000000c0000000,0x00000000c4a7fb80,0x00000000c6c00000)
 PSPermGen       total 103424K, used 81230K [0x00000000b0000000, 0x00000000b6500000, 0x00000000c0000000)
  object space 103424K, 78% used [0x00000000b0000000,0x00000000b4f53a90,0x00000000b6500000)
}
Event: 6948.677 GC heap before
{Heap before GC invocations=30 (full 9):
 PSYoungGen      total 302080K, used 26001K [0x00000000eaa80000, 0x0000000100000000, 0x0000000100000000)
  eden space 275968K, 0% used [0x00000000eaa80000,0x00000000eaa80000,0x00000000fb800000)
  from space 26112K, 99% used [0x00000000fb800000,0x00000000fd164628,0x00000000fd180000)
  to   space 39424K, 0% used [0x00000000fd980000,0x00000000fd980000,0x0000000100000000)
 ParOldGen       total 110592K, used 76286K [0x00000000c0000000, 0x00000000c6c00000, 0x00000000eaa80000)
  object space 110592K, 68% used [0x00000000c0000000,0x00000000c4a7fb80,0x00000000c6c00000)
 PSPermGen       total 103424K, used 81230K [0x00000000b0000000, 0x00000000b6500000, 0x00000000c0000000)
  object space 103424K, 78% used [0x00000000b0000000,0x00000000b4f53a90,0x00000000b6500000)
Event: 6949.211 GC heap after
Heap after GC invocations=30 (full 9):
 PSYoungGen      total 302080K, used 0K [0x00000000eaa80000, 0x0000000100000000, 0x0000000100000000)
  eden space 275968K, 0% used [0x00000000eaa80000,0x00000000eaa80000,0x00000000fb800000)
  from space 26112K, 0% used [0x00000000fb800000,0x00000000fb800000,0x00000000fd180000)
  to   space 39424K, 0% used [0x00000000fd980000,0x00000000fd980000,0x0000000100000000)
 ParOldGen       total 110592K, used 58528K [0x00000000c0000000, 0x00000000c6c00000, 0x00000000eaa80000)
  object space 110592K, 52% used [0x00000000c0000000,0x00000000c39281c0,0x00000000c6c00000)
 PSPermGen       total 89600K, used 61674K [0x00000000b0000000, 0x00000000b5780000, 0x00000000c0000000)
  object space 89600K, 68% used [0x00000000b0000000,0x00000000b3c3a9e8,0x00000000b5780000)
}

